mode: set
time-logger/internal/app/projects/database/projectsDAO.go:19.53,22.16 3 1
time-logger/internal/app/projects/database/projectsDAO.go:26.2,26.22 1 1
time-logger/internal/app/projects/database/projectsDAO.go:22.16,24.3 1 0
time-logger/internal/app/projects/database/projectsDAO.go:29.63,34.2 3 1
time-logger/internal/app/projects/database/projectsDAO.go:36.54,38.9 2 1
time-logger/internal/app/projects/database/projectsDAO.go:42.2,43.12 2 1
time-logger/internal/app/projects/database/projectsDAO.go:38.9,40.3 1 1
time-logger/internal/app/projects/database/projectsDAO.go:46.46,49.55 2 1
time-logger/internal/app/projects/database/projectsDAO.go:53.2,54.12 2 1
time-logger/internal/app/projects/database/projectsDAO.go:49.55,51.3 1 0
time-logger/internal/app/projects/database/projectsDAO.go:57.54,59.9 2 1
time-logger/internal/app/projects/database/projectsDAO.go:63.2,64.12 2 1
time-logger/internal/app/projects/database/projectsDAO.go:59.9,61.3 1 1
time-logger/internal/app/tasks/server.go:10.62,23.2 9 1
time-logger/internal/app/tasks/action-handlers.go:14.80,15.15 1 1
time-logger/internal/app/tasks/action-handlers.go:21.2,22.16 2 1
time-logger/internal/app/tasks/action-handlers.go:29.2,31.12 2 1
time-logger/internal/app/tasks/action-handlers.go:15.15,16.20 1 1
time-logger/internal/app/tasks/action-handlers.go:16.20,18.4 1 1
time-logger/internal/app/tasks/action-handlers.go:22.16,27.3 1 1
time-logger/internal/app/tasks/action-handlers.go:34.76,35.15 1 1
time-logger/internal/app/tasks/action-handlers.go:40.2,44.16 3 1
time-logger/internal/app/tasks/action-handlers.go:51.2,53.12 2 1
time-logger/internal/app/tasks/action-handlers.go:35.15,36.20 1 1
time-logger/internal/app/tasks/action-handlers.go:36.20,38.4 1 0
time-logger/internal/app/tasks/action-handlers.go:44.16,49.3 1 1
time-logger/internal/app/tasks/action-handlers.go:56.76,59.62 3 1
time-logger/internal/app/tasks/action-handlers.go:65.2,67.52 2 1
time-logger/internal/app/tasks/action-handlers.go:73.2,75.12 2 1
time-logger/internal/app/tasks/action-handlers.go:59.62,64.3 1 1
time-logger/internal/app/tasks/action-handlers.go:67.52,72.3 1 1
time-logger/internal/app/tasks/action-handlers.go:78.79,81.62 3 1
time-logger/internal/app/tasks/action-handlers.go:88.2,88.52 1 1
time-logger/internal/app/tasks/action-handlers.go:94.2,96.12 2 1
time-logger/internal/app/tasks/action-handlers.go:81.62,86.3 1 1
time-logger/internal/app/tasks/action-handlers.go:88.52,93.3 1 1
time-logger/internal/app/tasks/action-handlers.go:99.79,102.60 2 1
time-logger/internal/app/tasks/action-handlers.go:108.2,110.12 2 1
time-logger/internal/app/tasks/action-handlers.go:102.60,107.3 1 0
time-logger/internal/app/projects/action-handlers.go:14.83,15.15 1 1
time-logger/internal/app/projects/action-handlers.go:21.2,23.16 2 1
time-logger/internal/app/projects/action-handlers.go:27.2,29.12 2 1
time-logger/internal/app/projects/action-handlers.go:15.15,16.20 1 1
time-logger/internal/app/projects/action-handlers.go:16.20,18.4 1 1
time-logger/internal/app/projects/action-handlers.go:23.16,25.3 1 1
time-logger/internal/app/projects/action-handlers.go:32.79,33.15 1 1
time-logger/internal/app/projects/action-handlers.go:41.2,45.16 3 1
time-logger/internal/app/projects/action-handlers.go:52.2,54.12 2 1
time-logger/internal/app/projects/action-handlers.go:33.15,34.31 1 1
time-logger/internal/app/projects/action-handlers.go:37.3,37.20 1 1
time-logger/internal/app/projects/action-handlers.go:34.31,36.4 1 0
time-logger/internal/app/projects/action-handlers.go:37.20,39.4 1 0
time-logger/internal/app/projects/action-handlers.go:45.16,50.3 1 1
time-logger/internal/app/projects/action-handlers.go:57.79,58.15 1 1
time-logger/internal/app/projects/action-handlers.go:64.2,65.65 2 1
time-logger/internal/app/projects/action-handlers.go:71.2,74.16 3 1
time-logger/internal/app/projects/action-handlers.go:80.2,82.12 2 1
time-logger/internal/app/projects/action-handlers.go:58.15,59.20 1 1
time-logger/internal/app/projects/action-handlers.go:59.20,61.4 1 1
time-logger/internal/app/projects/action-handlers.go:65.65,70.3 1 1
time-logger/internal/app/projects/action-handlers.go:74.16,79.3 1 1
time-logger/internal/app/projects/action-handlers.go:85.82,87.65 2 1
time-logger/internal/app/projects/action-handlers.go:90.2,92.55 2 1
time-logger/internal/app/projects/action-handlers.go:96.2,98.12 2 1
time-logger/internal/app/projects/action-handlers.go:87.65,89.3 1 1
time-logger/internal/app/projects/action-handlers.go:92.55,94.3 1 1
time-logger/internal/app/projects/action-handlers.go:101.82,104.60 2 1
time-logger/internal/app/projects/action-handlers.go:108.2,110.12 2 1
time-logger/internal/app/projects/action-handlers.go:104.60,106.3 1 1
time-logger/internal/app/projects/server.go:10.62,23.2 9 1
time-logger/internal/app/tasks/database/tasksDAO.go:19.50,24.2 3 1
time-logger/internal/app/tasks/database/tasksDAO.go:26.60,30.2 3 1
time-logger/internal/app/tasks/database/tasksDAO.go:32.51,35.9 2 1
time-logger/internal/app/tasks/database/tasksDAO.go:39.2,40.12 2 1
time-logger/internal/app/tasks/database/tasksDAO.go:35.9,37.3 1 1
time-logger/internal/app/tasks/database/tasksDAO.go:43.43,46.55 2 1
time-logger/internal/app/tasks/database/tasksDAO.go:50.2,51.12 2 1
time-logger/internal/app/tasks/database/tasksDAO.go:46.55,48.3 1 0
time-logger/internal/app/tasks/database/tasksDAO.go:54.51,57.9 2 1
time-logger/internal/app/tasks/database/tasksDAO.go:61.2,62.12 2 1
time-logger/internal/app/tasks/database/tasksDAO.go:57.9,59.3 1 1
time-logger/internal/app/time-entries/database/timeEntryDOA.go:19.55,24.2 3 1
time-logger/internal/app/time-entries/database/timeEntryDOA.go:26.65,31.2 3 1
time-logger/internal/app/time-entries/database/timeEntryDOA.go:33.56,35.9 2 1
time-logger/internal/app/time-entries/database/timeEntryDOA.go:39.2,41.12 2 1
time-logger/internal/app/time-entries/database/timeEntryDOA.go:35.9,37.3 1 1
time-logger/internal/app/time-entries/database/timeEntryDOA.go:44.48,47.55 2 1
time-logger/internal/app/time-entries/database/timeEntryDOA.go:51.2,52.12 2 1
time-logger/internal/app/time-entries/database/timeEntryDOA.go:47.55,49.3 1 0
time-logger/internal/app/time-entries/database/timeEntryDOA.go:55.56,57.9 2 1
time-logger/internal/app/time-entries/database/timeEntryDOA.go:61.2,62.12 2 1
time-logger/internal/app/time-entries/database/timeEntryDOA.go:57.9,59.3 1 1
time-logger/internal/pkg/config/config.go:17.57,19.2 1 1
time-logger/internal/pkg/config/config.go:21.46,25.16 3 1
time-logger/internal/pkg/config/config.go:29.2,31.20 2 1
time-logger/internal/pkg/config/config.go:25.16,27.3 1 1
time-logger/internal/app/time-entries/action-handlers.go:121.81,122.15 1 1
time-logger/internal/app/time-entries/action-handlers.go:127.2,128.67 2 1
time-logger/internal/app/time-entries/action-handlers.go:131.2,133.57 2 1
time-logger/internal/app/time-entries/action-handlers.go:136.2,138.12 2 1
time-logger/internal/app/time-entries/action-handlers.go:122.15,123.20 1 1
time-logger/internal/app/time-entries/action-handlers.go:123.20,125.4 1 1
time-logger/internal/app/time-entries/action-handlers.go:128.67,130.3 1 1
time-logger/internal/app/time-entries/action-handlers.go:133.57,135.3 1 1
time-logger/internal/app/time-entries/action-handlers.go:141.84,142.15 1 1
time-logger/internal/app/time-entries/action-handlers.go:147.2,148.63 2 1
time-logger/internal/app/time-entries/action-handlers.go:152.2,152.53 1 1
time-logger/internal/app/time-entries/action-handlers.go:155.2,157.12 2 1
time-logger/internal/app/time-entries/action-handlers.go:142.15,143.20 1 1
time-logger/internal/app/time-entries/action-handlers.go:143.20,145.4 1 1
time-logger/internal/app/time-entries/action-handlers.go:148.63,150.3 1 1
time-logger/internal/app/time-entries/action-handlers.go:152.53,154.3 1 1
time-logger/internal/app/time-entries/action-handlers.go:160.84,163.60 2 1
time-logger/internal/app/time-entries/action-handlers.go:166.2,168.12 2 1
time-logger/internal/app/time-entries/action-handlers.go:163.60,165.3 1 1
time-logger/internal/app/time-entries/server.go:10.76,23.2 7 1
time-logger/shared/http-wrappers/httpClient_mock.go:45.69,46.25 1 0
time-logger/shared/http-wrappers/httpClient_mock.go:49.2,57.26 5 0
time-logger/shared/http-wrappers/httpClient_mock.go:46.25,47.84 1 0
time-logger/shared/http-wrappers/httpClient_mock.go:65.3,73.2 5 0
time-logger/shared/http-wrappers/requests.go:13.54,17.2 3 0
time-logger/shared/http-wrappers/responses.go:8.68,10.2 1 1
time-logger/shared/http-wrappers/responses.go:12.76,17.2 4 1
time-logger/shared/http-wrappers/handler.go:23.38,25.2 1 0
time-logger/shared/http-wrappers/handler.go:28.36,30.2 1 0
time-logger/shared/http-wrappers/handler.go:47.68,49.16 2 0
time-logger/shared/http-wrappers/handler.go:49.16,50.26 1 0
time-logger/shared/http-wrappers/handler.go:51.14,55.46 2 0
time-logger/shared/http-wrappers/handler.go:56.11,60.36 1 0
